<?xml version="1.0" encoding="UTF-8"?>
<testng-results ignored="0" total="4" passed="4" failed="0" skipped="0">
  <reporter-output>
  </reporter-output>
  <suite started-at="2026-06-05T12:15:04 IST" name="Suite" finished-at="2026-06-05T12:15:17 IST" duration-ms="12273">
    <groups>
    </groups>
    <test started-at="2026-06-05T12:15:04 IST" name="TestRunner1" finished-at="2026-06-05T12:15:09 IST" duration-ms="4686">
      <class name="types_of_execution.OrgTest">
        <test-method signature="createOrgTest(java.lang.String)[pri:0, instance:types_of_execution.OrgTest@6b2ea799]" started-at="2026-06-05T12:15:04 IST" name="createOrgTest" finished-at="2026-06-05T12:15:09 IST" duration-ms="4633" status="PASS">
          <params>
            <param index="0">
              <value>
                <![CDATA[chrome]]>
              </value>
            </param>
          </params>
          <reporter-output>
          </reporter-output>
        </test-method> <!-- createOrgTest -->
      </class> <!-- types_of_execution.OrgTest -->
    </test> <!-- TestRunner1 -->
    <test started-at="2026-06-05T12:15:04 IST" name="TestRunner2" finished-at="2026-06-05T12:15:09 IST" duration-ms="4664">
      <class name="types_of_execution.ContactTest">
        <test-method signature="createContactTest(java.lang.String)[pri:0, instance:types_of_execution.ContactTest@61322f9d]" started-at="2026-06-05T12:15:04 IST" name="createContactTest" finished-at="2026-06-05T12:15:09 IST" duration-ms="4605" status="PASS">
          <params>
            <param index="0">
              <value>
                <![CDATA[edge]]>
              </value>
            </param>
          </params>
          <reporter-output>
          </reporter-output>
        </test-method> <!-- createContactTest -->
      </class> <!-- types_of_execution.ContactTest -->
    </test> <!-- TestRunner2 -->
    <test started-at="2026-06-05T12:15:04 IST" name="TestRunner3" finished-at="2026-06-05T12:15:17 IST" duration-ms="12273">
      <class name="types_of_execution.LeadTest">
        <test-method signature="createLeadTest(java.lang.String)[pri:0, instance:types_of_execution.LeadTest@2362f559]" started-at="2026-06-05T12:15:04 IST" name="createLeadTest" finished-at="2026-06-05T12:15:14 IST" duration-ms="9261" status="PASS">
          <params>
            <param index="0">
              <value>
                <![CDATA[firefox]]>
              </value>
            </param>
          </params>
          <reporter-output>
          </reporter-output>
        </test-method> <!-- createLeadTest -->
        <test-method signature="modifyLeadTest()[pri:0, instance:types_of_execution.LeadTest@2362f559]" started-at="2026-06-05T12:15:14 IST" name="modifyLeadTest" finished-at="2026-06-05T12:15:17 IST" duration-ms="2956" status="PASS">
          <reporter-output>
          </reporter-output>
        </test-method> <!-- modifyLeadTest -->
      </class> <!-- types_of_execution.LeadTest -->
    </test> <!-- TestRunner3 -->
  </suite> <!-- Suite -->
</testng-results>
