<?xml version="1.0" encoding="UTF-8"?>
<!-- Generated by org.testng.reporters.JUnitReportReporter -->
<testsuite hostname="TYSS-Piyush-Baldaniya" failures="0" tests="2" name="types_of_execution.LeadTest" time="12.217" errors="0" timestamp="2026-06-05T12:15:17 IST" skipped="0">
  <testcase classname="types_of_execution.LeadTest" name="modifyLeadTest" time="2.956"/>
  <testcase classname="types_of_execution.LeadTest" name="createLeadTest" time="9.261"/>
</testsuite> <!-- types_of_execution.LeadTest -->
