<?xml version="1.0" encoding="UTF-8"?>
<!-- Generated by org.testng.reporters.JUnitXMLReporter -->
<testsuite ignored="4" hostname="TYSS-Piyush-Baldaniya" failures="0" tests="2" name="Test" time="0.065" errors="0" timestamp="2026-06-05T11:54:46 IST">
  <testcase classname="testng_extra.Demo2Test" name="createCity" time="0.013"/>
  <testcase classname="testng_extra.DemoTest" name="createCity" time="0.001"/>
  <testcase classname="testng_extra.DemoTest" name="deleteCity" time="0.0">
    <ignored/>
  </testcase> <!-- deleteCity -->
  <testcase classname="testng_extra.DemoTest" name="modifyCity" time="0.0">
    <ignored/>
  </testcase> <!-- modifyCity -->
  <testcase classname="testng_extra.Demo2Test" name="deleteCity" time="0.0">
    <ignored/>
  </testcase> <!-- deleteCity -->
  <testcase classname="testng_extra.Demo2Test" name="modifyCity" time="0.0">
    <ignored/>
  </testcase> <!-- modifyCity -->
</testsuite> <!-- Test -->
